var obj_ai = {

obj:Null,
  phases:[
  function() {
 console.log(obj);
    game.add.tween(obj).to({x:obj.x+10, y:obj.y+20}, 100).start();
    var timer = game.time.now;
  while (game.time.now - timer < 1000) {};
    game.add.tween(obj).to({x:obj.x+-10, y:obj.y+-20}, 100).start();
    var timer = game.time.now;
  while (game.time.now - timer < 1000) {};
  update_obj();
},
  function() {
 console.log(obj);
    game.add.tween(obj).to({x:obj.x+10, y:obj.y+20}, 100).start();
    obj.fire();
    obj.fire();
    game.add.tween(obj).to({x:obj.x+-10, y:obj.y+-20}, 100).start();
    obj.complete = 1;
  update_obj();
},

],
setup_obj_ai: function(object) {
  console.log("Setting obj to:")
  console.log(object);
  obj = object;
},

update_obj:function(){
  console.log("Updating AI..."); 
  var index = Math.floor(Math.random() * phases.length);
  console.log("Chose " + index)
  var func = this.phases[index]
  
  func();  
},
}